<?xml version="1.0" encoding="utf-8"?><testsuites><testsuite name="pytest" errors="0" failures="0" skipped="0" tests="67" time="0.817" timestamp="2025-03-25T21:25:57.478219-04:00" hostname="GSDESKTOP"><testcase classname="tests.test_create_review_document" name="test_parse_arguments_defaults" time="0.003" /><testcase classname="tests.test_create_review_document" name="test_parse_arguments_custom_arguments" time="0.009" /><testcase classname="tests.test_create_review_document" name="test_parse_arguments_missing_required" time="0.013" /><testcase classname="tests.test_create_review_document" name="test_load_observations_valid_file" time="0.020" /><testcase classname="tests.test_create_review_document" name="test_load_observations_invalid_json" time="0.006" /><testcase classname="tests.test_create_review_document" name="test_load_observations_file_not_found" time="0.001" /><testcase classname="tests.test_get_ebird_api_key" name="test_get_ebird_api_key_valid" time="0.002" /><testcase classname="tests.test_get_ebird_api_key" name="test_get_ebird_api_key_missing" time="0.001" /><testcase classname="tests.test_get_ebird_api_key" name="test_get_ebird_api_key_invalid" time="0.002" /><testcase classname="tests.test_get_records_to_review" name="test_county_in_exclusion_list" time="0.002" /><testcase classname="tests.test_get_records_to_review" name="test_county_in_group_in_exclusion_list" time="0.001" /><testcase classname="tests.test_get_records_to_review" name="test_county_not_in_exclusion_list_or_group" time="0.003" /><testcase classname="tests.test_get_records_to_review" name="test_county_in_multiple_groups" time="0.001" /><testcase classname="tests.test_get_records_to_review" name="test_empty_exclusion_list_and_groups" time="0.001" /><testcase classname="tests.test_get_records_to_review" name="test_is_new_record_not_exotic_and_not_in_state_list" time="0.001" /><testcase classname="tests.test_get_records_to_review" name="test_is_new_record_exotic" time="0.002" /><testcase classname="tests.test_get_records_to_review" name="test_is_new_record_in_state_list" time="0.001" /><testcase classname="tests.test_get_records_to_review" name="test_is_new_record_exotic_and_in_state_list" time="0.002" /><testcase classname="tests.test_get_records_to_review" name="test_reviewable_species_match" time="0.002" /><testcase classname="tests.test_get_records_to_review" name="test_reviewable_species_no_match" time="0.002" /><testcase classname="tests.test_get_records_to_review" name="test_reviewable_species_empty_review_list" time="0.001" /><testcase classname="tests.test_get_records_to_review" name="test_reviewable_species_with_no_exclusions_only_match" time="0.001" /><testcase classname="tests.test_get_records_to_review" name="test_reviewable_species_with_no_exclusions_only_no_match" time="0.002" /><testcase classname="tests.test_get_records_to_review" name="test_reviewable_species_with_no_exclusions_exclude_match" time="0.001" /><testcase classname="tests.test_get_records_to_review" name="test_reviewable_species_with_no_exclusions_exclude_no_match" time="0.001" /><testcase classname="tests.test_get_records_to_review" name="test_reviewable_species_with_no_exclusions_only_with_group_match" time="0.002" /><testcase classname="tests.test_get_records_to_review" name="test_reviewable_species_with_no_exclusions_only_with_group_no_match" time="0.001" /><testcase classname="tests.test_get_records_to_review" name="test_reviewable_species_with_no_exclusions_exclude_with_group_match" time="0.001" /><testcase classname="tests.test_get_records_to_review" name="test_reviewable_species_with_no_exclusions_exclude_with_group_no_match" time="0.001" /><testcase classname="tests.test_get_records_to_review" name="test_reviewable_species_with_no_exclusions_no_only_or_exclude" time="0.001" /><testcase classname="tests.test_get_records_to_review" name="test_find_record_of_interest_new_record" time="0.008" /><testcase classname="tests.test_get_records_to_review" name="test_find_record_of_interest_reviewable_species" time="0.002" /><testcase classname="tests.test_get_records_to_review" name="test_find_record_of_interest_no_records" time="0.002" /><testcase classname="tests.test_get_records_to_review" name="test_find_record_of_interest_excluded_species" time="0.002" /><testcase classname="tests.test_get_records_to_review" name="test_iterate_days_in_month_regular_month" time="0.002" /><testcase classname="tests.test_get_records_to_review" name="test_iterate_days_in_month_leap_year" time="0.002" /><testcase classname="tests.test_get_records_to_review" name="test_iterate_days_in_month_non_leap_year" time="0.001" /><testcase classname="tests.test_get_records_to_review" name="test_iterate_days_in_month_april" time="0.001" /><testcase classname="tests.test_get_records_to_review" name="test_get_records_to_review_with_records" time="0.002" /><testcase classname="tests.test_get_records_to_review" name="test_get_records_to_review_no_records" time="0.002" /><testcase classname="tests.test_get_records_to_review" name="test_get_records_to_review_multiple_days" time="0.002" /><testcase classname="tests.test_get_reports" name="test_parse_arguments_required_fields" time="0.004" /><testcase classname="tests.test_get_reports" name="test_parse_arguments_optional_fields" time="0.004" /><testcase classname="tests.test_get_reports" name="test_parse_arguments_missing_required_fields" time="0.013" /><testcase classname="tests.test_get_reports" name="test_parse_arguments_version_flag" time="0.004" /><testcase classname="tests.test_get_reports" name="test_save_records_to_file" time="0.008" /><testcase classname="tests.test_get_reports" name="test_save_records_to_file_no_records" time="0.005" /><testcase classname="tests.test_get_reports" name="test_main" time="0.008" /><testcase classname="tests.test_get_review_rules" name="test_check_counties_in_groups_no_warnings" time="0.002" /><testcase classname="tests.test_get_review_rules" name="test_check_counties_in_groups_county_not_in_any_group" time="0.005" /><testcase classname="tests.test_get_review_rules" name="test_check_counties_in_groups_county_in_multiple_groups" time="0.003" /><testcase classname="tests.test_get_review_rules" name="test_check_counties_in_groups_mixed_warnings" time="0.003" /><testcase classname="tests.test_get_review_rules" name="test_check_species_in_taxonomy_no_warnings" time="0.004" /><testcase classname="tests.test_get_review_rules" name="test_check_species_in_taxonomy_species_not_in_taxonomy" time="0.002" /><testcase classname="tests.test_get_review_rules" name="test_check_species_in_taxonomy_multiple_warnings" time="0.002" /><testcase classname="tests.test_get_review_rules" name="test_check_species_in_taxonomy_logs_info_message" time="0.002" /><testcase classname="tests.test_get_review_rules" name="test_check_exclusions_in_counties_no_warnings" time="0.002" /><testcase classname="tests.test_get_review_rules" name="test_check_exclusions_in_counties_county_not_in_county_list" time="0.004" /><testcase classname="tests.test_get_review_rules" name="test_check_exclusions_in_counties_exclusion_not_found" time="0.002" /><testcase classname="tests.test_get_review_rules" name="test_check_exclusions_in_counties_mixed_warnings" time="0.002" /><testcase classname="tests.test_get_review_rules" name="test_get_review_rules_file_not_exist" time="0.002" /><testcase classname="tests.test_get_review_rules" name="test_get_review_rules_valid_file" time="0.006" /><testcase classname="tests.test_get_review_rules" name="test_get_review_rules_invalid_json" time="0.004" /><testcase classname="tests.test_get_review_rules" name="test_get_review_rules_validation_functions_called" time="0.008" /><testcase classname="tests.test_get_state_list" name="test_get_state_list_file_not_exist" time="0.002" /><testcase classname="tests.test_get_state_list" name="test_get_state_list_valid_file" time="0.006" /><testcase classname="tests.test_get_state_list" name="test_get_state_list_species_not_in_taxonomy" time="0.007" /></testsuite></testsuites>